TN:
SF:src/category/application/common/category-output.ts
FN:12,toOutput
FNF:1
FNH:1
FNDA:53,toOutput
DA:1,1
DA:2,1
DA:3,1
DA:4,1
DA:5,1
DA:6,1
DA:7,1
DA:8,1
DA:9,1
DA:10,1
DA:11,1
DA:12,1
DA:13,53
DA:14,53
DA:15,53
DA:16,53
DA:17,53
DA:18,53
DA:19,1
LF:19
LH:19
BRDA:12,0,0,53
BRF:1
BRH:1
end_of_record
TN:
SF:src/category/application/use-cases/create-category/create-category.use-case.ts
FN:8,<instance_members_initializer>
FN:9,CreateCategoryUseCase
FN:11,execute
FNF:3
FNH:3
FNDA:2,<instance_members_initializer>
FNDA:2,CreateCategoryUseCase
FNDA:6,execute
DA:1,1
DA:2,1
DA:3,1
DA:4,1
DA:5,1
DA:6,1
DA:7,1
DA:8,1
DA:9,2
DA:10,2
DA:11,2
DA:12,6
DA:13,6
DA:14,6
DA:15,0
DA:16,0
DA:17,6
DA:18,6
DA:19,6
DA:20,6
DA:21,6
DA:22,2
DA:23,1
DA:24,1
LF:24
LH:22
BRDA:8,0,0,2
BRDA:9,1,0,2
BRDA:11,2,0,6
BRDA:14,3,0,0
BRF:4
BRH:3
end_of_record
TN:
SF:src/category/application/use-cases/delete-category/delete-category.use-case.ts
FN:5,<instance_members_initializer>
FN:6,DeleteCategoryUseCase
FN:8,execute
FNF:3
FNH:3
FNDA:4,<instance_members_initializer>
FNDA:4,DeleteCategoryUseCase
FNDA:5,execute
DA:1,1
DA:2,1
DA:3,1
DA:4,1
DA:5,1
DA:6,4
DA:7,4
DA:8,4
DA:9,5
DA:10,5
DA:11,2
DA:12,4
DA:13,1
DA:14,1
DA:15,1
DA:16,1
LF:16
LH:16
BRDA:5,0,0,4
BRDA:6,1,0,4
BRDA:8,2,0,5
BRDA:10,3,0,2
BRF:4
BRH:4
end_of_record
TN:
SF:src/category/application/use-cases/get-category/get-category.use-case.ts
FN:8,<instance_members_initializer>
FN:9,GetCategoryUseCase
FN:11,execute
FNF:3
FNH:3
FNDA:4,<instance_members_initializer>
FNDA:4,GetCategoryUseCase
FNDA:5,execute
DA:1,1
DA:2,1
DA:3,1
DA:4,1
DA:5,1
DA:6,1
DA:7,1
DA:8,1
DA:9,4
DA:10,4
DA:11,4
DA:12,5
DA:13,5
DA:14,5
DA:15,2
DA:16,2
DA:17,2
DA:18,2
DA:19,2
DA:20,4
DA:21,1
DA:22,1
DA:23,1
DA:24,1
DA:25,1
DA:26,1
LF:26
LH:26
BRDA:8,0,0,4
BRDA:9,1,0,4
BRDA:11,2,0,5
BRDA:13,3,0,4
BRDA:14,4,0,2
BRF:5
BRH:5
end_of_record
TN:
SF:src/category/application/use-cases/list-categories/list-categories.use-case.ts
FN:7,<instance_members_initializer>
FN:8,ListCategoriesUseCase
FN:10,execute
FN:16,toOutput
FNF:4
FNH:4
FNDA:5,<instance_members_initializer>
FNDA:5,ListCategoriesUseCase
FNDA:8,execute
FNDA:10,toOutput
DA:1,1
DA:2,1
DA:3,1
DA:4,1
DA:5,1
DA:6,1
DA:7,1
DA:8,5
DA:9,5
DA:10,5
DA:11,8
DA:12,8
DA:13,8
DA:14,8
DA:15,5
DA:16,5
DA:17,10
DA:18,10
DA:19,15
DA:20,15
DA:21,10
DA:22,10
DA:23,5
DA:24,1
DA:25,1
DA:26,1
DA:27,1
DA:28,1
DA:29,1
DA:30,1
DA:31,1
DA:32,1
DA:33,1
LF:33
LH:33
BRDA:7,0,0,5
BRDA:8,1,0,5
BRDA:10,2,0,8
BRDA:16,3,0,10
BRDA:18,4,0,15
BRF:5
BRH:5
end_of_record
TN:
SF:src/category/application/use-cases/update-category/update-category.use-case.ts
FN:9,<instance_members_initializer>
FN:10,UpdateCategoryUseCase
FN:12,execute
FNF:3
FNH:3
FNDA:4,<instance_members_initializer>
FNDA:4,UpdateCategoryUseCase
FNDA:17,execute
DA:1,1
DA:2,1
DA:3,1
DA:4,1
DA:5,1
DA:6,1
DA:7,1
DA:8,1
DA:9,1
DA:10,4
DA:11,4
DA:12,4
DA:13,17
DA:14,17
DA:15,16
DA:16,17
DA:17,2
DA:18,2
DA:19,14
DA:20,14
DA:21,17
DA:22,17
DA:23,4
DA:24,4
DA:25,14
DA:26,17
DA:27,2
DA:28,2
DA:29,14
DA:30,17
DA:31,4
DA:32,4
DA:33,14
DA:34,14
DA:35,14
DA:36,14
DA:37,14
DA:38,4
DA:39,1
DA:40,1
LF:40
LH:40
BRDA:9,0,0,4
BRDA:10,1,0,4
BRDA:12,2,0,17
BRDA:14,3,0,16
BRDA:16,4,0,2
BRDA:18,5,0,14
BRDA:22,6,0,4
BRDA:24,7,0,14
BRDA:26,8,0,2
BRDA:28,9,0,14
BRDA:30,10,0,4
BRDA:32,11,0,14
BRF:12
BRH:12
end_of_record
TN:
SF:src/category/domain/category-fake.builder.ts
FN:7,<instance_members_initializer>
FN:9,_name
FN:10,_description
FN:11,_is_active
FN:16,aCategory
FN:20,theCategories
FN:26,CategoryFakeBuilder
FN:31,withUuid
FN:36,withName
FN:41,withDescription
FN:46,activate
FN:51,deactivate
FN:56,withCreatedAt
FN:61,withInvalidNameTooLong
FN:66,build
FN:83,get category_id
FN:87,get name
FN:91,get description
FN:95,get is_active
FN:99,get created_at
FN:103,getValue
FN:112,callFactory
FNF:22
FNH:22
FNDA:48,<instance_members_initializer>
FNDA:30,_name
FNDA:53,_description
FNDA:88,_is_active
FNDA:40,aCategory
FNDA:8,theCategories
FNDA:48,CategoryFakeBuilder
FNDA:6,withUuid
FNDA:31,withName
FNDA:8,withDescription
FNDA:1,activate
FNDA:3,deactivate
FNDA:16,withCreatedAt
FNDA:2,withInvalidNameTooLong
FNDA:52,build
FNDA:2,get category_id
FNDA:1,get name
FNDA:1,get description
FNDA:2,get is_active
FNDA:2,get created_at
FNDA:8,getValue
FNDA:336,callFactory
DA:1,1
DA:2,1
DA:3,1
DA:4,1
DA:5,1
DA:6,1
DA:7,1
DA:8,48
DA:9,48
DA:10,48
DA:11,48
DA:12,48
DA:13,48
DA:14,48
DA:15,48
DA:16,48
DA:17,40
DA:18,40
DA:19,48
DA:20,48
DA:21,8
DA:22,8
DA:23,48
DA:24,48
DA:25,48
DA:26,48
DA:27,48
DA:28,48
DA:29,48
DA:30,48
DA:31,48
DA:32,6
DA:33,6
DA:34,6
DA:35,48
DA:36,48
DA:37,31
DA:38,31
DA:39,31
DA:40,48
DA:41,48
DA:42,8
DA:43,8
DA:44,8
DA:45,48
DA:46,48
DA:47,1
DA:48,1
DA:49,1
DA:50,48
DA:51,48
DA:52,3
DA:53,3
DA:54,3
DA:55,48
DA:56,48
DA:57,16
DA:58,16
DA:59,16
DA:60,48
DA:61,48
DA:62,2
DA:63,2
DA:64,2
DA:65,48
DA:66,48
DA:67,52
DA:68,91
DA:69,91
DA:70,91
DA:71,91
DA:72,91
DA:73,91
DA:74,47
DA:75,91
DA:76,91
DA:77,91
DA:78,91
DA:79,91
DA:80,52
DA:81,52
DA:82,48
DA:83,48
DA:84,2
DA:85,2
DA:86,48
DA:87,48
DA:88,1
DA:89,1
DA:90,48
DA:91,48
DA:92,1
DA:93,1
DA:94,48
DA:95,48
DA:96,2
DA:97,2
DA:98,48
DA:99,48
DA:100,2
DA:101,2
DA:102,48
DA:103,48
DA:104,8
DA:105,8
DA:106,8
DA:107,2
DA:108,2
DA:109,6
DA:110,6
DA:111,48
DA:112,48
DA:113,336
DA:114,336
DA:115,48
LF:115
LH:115
BRDA:7,0,0,48
BRDA:9,1,0,30
BRDA:10,2,0,53
BRDA:11,3,0,88
BRDA:16,4,0,40
BRDA:20,5,0,8
BRDA:26,6,0,48
BRDA:31,7,0,6
BRDA:36,8,0,31
BRDA:41,9,0,8
BRDA:46,10,0,1
BRDA:51,11,0,3
BRDA:56,12,0,16
BRDA:61,13,0,2
BRDA:62,14,0,1
BRDA:66,15,0,52
BRDA:80,16,0,41
BRDA:80,17,0,11
BRDA:67,18,0,91
BRDA:69,19,0,81
BRDA:69,20,0,10
BRDA:73,21,0,47
BRDA:83,22,0,2
BRDA:87,23,0,1
BRDA:91,24,0,1
BRDA:95,25,0,2
BRDA:99,26,0,2
BRDA:103,27,0,8
BRDA:106,28,0,3
BRDA:106,29,0,2
BRDA:108,30,0,6
BRDA:112,31,0,336
BRDA:113,32,0,225
BRDA:113,33,0,111
BRF:34
BRH:34
end_of_record
TN:
SF:src/category/domain/category.entity.ts
FN:22,<instance_members_initializer>
FN:29,Category
FN:38,get entity_id
FN:42,create
FN:49,changeName
FN:54,changeDescription
FN:58,activate
FN:62,deactivate
FN:66,validate
FN:71,fake
FN:75,toJSON
FNF:11
FNH:11
FNDA:195,<instance_members_initializer>
FNDA:195,Category
FNDA:23,get entity_id
FNDA:14,create
FNDA:17,changeName
FNDA:5,changeDescription
FNDA:3,activate
FNDA:5,deactivate
FNDA:183,validate
FNDA:36,fake
FNDA:114,toJSON
DA:1,1
DA:2,1
DA:3,1
DA:4,1
DA:5,1
DA:6,1
DA:7,1
DA:8,1
DA:9,1
DA:10,1
DA:11,1
DA:12,1
DA:13,1
DA:14,1
DA:15,1
DA:16,1
DA:17,1
DA:18,1
DA:19,1
DA:20,1
DA:21,1
DA:22,1
DA:23,195
DA:24,195
DA:25,195
DA:26,195
DA:27,195
DA:28,195
DA:29,195
DA:30,195
DA:31,195
DA:32,195
DA:33,195
DA:34,195
DA:35,195
DA:36,195
DA:37,195
DA:38,195
DA:39,23
DA:40,23
DA:41,195
DA:42,195
DA:43,14
DA:44,14
DA:45,14
DA:46,14
DA:47,14
DA:48,195
DA:49,195
DA:50,17
DA:51,17
DA:52,17
DA:53,195
DA:54,195
DA:55,5
DA:56,5
DA:57,195
DA:58,195
DA:59,3
DA:60,3
DA:61,195
DA:62,195
DA:63,5
DA:64,5
DA:65,195
DA:66,195
DA:67,183
DA:68,183
DA:69,183
DA:70,195
DA:71,195
DA:72,36
DA:73,36
DA:74,195
DA:75,195
DA:76,114
DA:77,114
DA:78,114
DA:79,114
DA:80,114
DA:81,114
DA:82,114
DA:83,114
DA:84,195
LF:84
LH:84
BRDA:22,0,0,195
BRDA:29,1,0,195
BRDA:31,2,0,122
BRDA:33,3,0,88
BRDA:34,4,0,33
BRDA:35,5,0,83
BRDA:38,6,0,23
BRDA:42,7,0,14
BRDA:49,8,0,17
BRDA:54,9,0,5
BRDA:58,10,0,3
BRDA:62,11,0,5
BRDA:66,12,0,183
BRDA:71,13,0,36
BRDA:75,14,0,114
BRF:15
BRH:15
end_of_record
TN:
SF:src/category/domain/category.repository.ts
FNF:0
FNH:0
DA:1,1
DA:2,1
DA:3,1
DA:4,1
DA:5,1
DA:6,1
DA:7,1
DA:8,1
DA:9,1
DA:10,1
DA:11,1
LF:11
LH:11
BRF:0
BRH:0
end_of_record
TN:
SF:src/category/domain/category.validator.ts
FN:7,<instance_members_initializer>
FN:11,CategoryRules
FN:17,validate
FN:24,create
FNF:4
FNH:4
FNDA:183,<instance_members_initializer>
FNDA:183,CategoryRules
FNDA:183,validate
FNDA:183,create
DA:1,1
DA:2,1
DA:3,1
DA:4,1
DA:5,1
DA:6,1
DA:7,1
DA:8,183
DA:9,183
DA:10,183
DA:11,183
DA:12,183
DA:13,183
DA:14,183
DA:15,1
DA:16,1
DA:17,1
DA:18,183
DA:19,183
DA:20,183
DA:21,1
DA:22,1
DA:23,1
DA:24,1
DA:25,183
DA:26,183
DA:27,1
LF:27
LH:27
BRDA:7,0,0,183
BRDA:11,1,0,183
BRDA:17,2,0,183
BRDA:18,3,0,31
BRDA:18,4,0,31
BRDA:18,5,0,152
BRDA:24,6,0,183
BRF:7
BRH:7
end_of_record
TN:
SF:src/category/infra/db/in-memory/category-in-memory.repository.ts
FN:7,<instance_members_initializer>
FN:10,applyFilter
FN:20,getEntity
FN:24,applySort
FNF:4
FNH:4
FNDA:14,<instance_members_initializer>
FNDA:6,applyFilter
FNDA:1,getEntity
FNDA:7,applySort
DA:1,1
DA:2,1
DA:3,1
DA:4,1
DA:5,1
DA:6,1
DA:7,1
DA:8,14
DA:9,14
DA:10,14
DA:11,6
DA:12,2
DA:13,2
DA:14,4
DA:15,4
DA:16,18
DA:17,18
DA:18,4
DA:19,14
DA:20,14
DA:21,1
DA:22,1
DA:23,14
DA:24,14
DA:25,7
DA:26,7
DA:27,14
LF:27
LH:27
BRDA:7,0,0,14
BRDA:10,1,0,6
BRDA:11,2,0,5
BRDA:11,3,0,2
BRDA:13,4,0,4
BRDA:15,5,0,18
BRDA:20,6,0,1
BRDA:24,7,0,7
BRDA:25,8,0,5
BRDA:25,9,0,2
BRF:10
BRH:10
end_of_record
TN:
SF:src/category/infra/db/sequelize/category-model.mapper.ts
FN:6,toModel
FN:16,toEntity
FNF:2
FNH:2
FNDA:64,toModel
FNDA:61,toEntity
DA:1,1
DA:2,1
DA:3,1
DA:4,1
DA:5,1
DA:6,1
DA:7,64
DA:8,64
DA:9,64
DA:10,64
DA:11,64
DA:12,64
DA:13,64
DA:14,64
DA:15,1
DA:16,1
DA:17,61
DA:18,61
DA:19,61
DA:20,61
DA:21,61
DA:22,61
DA:23,61
DA:24,61
DA:25,61
DA:26,61
DA:27,61
DA:28,1
LF:28
LH:28
BRDA:6,0,0,64
BRDA:16,1,0,61
BRF:2
BRH:2
end_of_record
TN:
SF:src/category/infra/db/sequelize/category.model.ts
FNF:0
FNH:0
DA:1,1
DA:2,1
DA:3,1
DA:4,1
DA:5,1
DA:6,1
DA:7,1
DA:8,1
DA:9,1
DA:10,1
DA:11,1
DA:12,1
DA:13,1
DA:14,1
DA:15,1
DA:16,1
DA:17,1
DA:18,1
DA:19,1
DA:20,1
DA:21,1
DA:22,1
DA:23,1
DA:24,1
DA:25,1
DA:26,1
DA:27,1
DA:28,1
LF:28
LH:28
BRDA:27,0,0,0
BRF:1
BRH:0
end_of_record
TN:
SF:src/category/infra/db/sequelize/category.sequelize.repository.ts
FN:9,<instance_members_initializer>
FN:12,CategorySequelizeRepository
FN:14,insert
FN:20,bulkInsert
FN:25,_get
FN:29,update
FN:43,delete
FN:55,findById
FN:61,findAll
FN:67,getEntity
FN:71,search
FNF:11
FNH:11
FNDA:23,<instance_members_initializer>
FNDA:23,CategorySequelizeRepository
FNDA:12,insert
FNDA:8,bulkInsert
FNDA:40,_get
FNDA:9,update
FNDA:4,delete
FNDA:27,findById
FNDA:1,findAll
FNDA:3,getEntity
FNDA:14,search
DA:1,1
DA:2,1
DA:3,1
DA:4,1
DA:5,1
DA:6,1
DA:7,1
DA:8,1
DA:9,1
DA:10,23
DA:11,23
DA:12,23
DA:13,23
DA:14,23
DA:15,12
DA:16,12
DA:17,12
DA:18,12
DA:19,23
DA:20,23
DA:21,8
DA:22,8
DA:23,8
DA:24,23
DA:25,23
DA:26,40
DA:27,40
DA:28,23
DA:29,23
DA:30,9
DA:31,9
DA:32,9
DA:33,1
DA:34,1
DA:35,8
DA:36,8
DA:37,8
DA:38,8
DA:39,8
DA:40,8
DA:41,8
DA:42,23
DA:43,23
DA:44,4
DA:45,4
DA:46,4
DA:47,2
DA:48,2
DA:49,2
DA:50,2
DA:51,2
DA:52,2
DA:53,2
DA:54,23
DA:55,23
DA:56,27
DA:57,27
DA:58,27
DA:59,27
DA:60,23
DA:61,23
DA:62,1
DA:63,1
DA:64,1
DA:65,1
DA:66,23
DA:67,23
DA:68,3
DA:69,3
DA:70,23
DA:71,23
DA:72,14
DA:73,14
DA:74,14
DA:75,14
DA:76,14
DA:77,7
DA:78,7
DA:79,7
DA:80,7
DA:81,7
DA:82,14
DA:83,14
DA:84,14
DA:85,14
DA:86,14
DA:87,14
DA:88,14
DA:89,14
DA:90,14
DA:91,14
DA:92,14
DA:93,14
DA:94,14
DA:95,23
LF:95
LH:95
BRDA:9,0,0,23
BRDA:12,1,0,23
BRDA:14,2,0,12
BRDA:20,3,0,8
BRDA:21,4,0,43
BRDA:25,5,0,40
BRDA:29,6,0,9
BRDA:32,7,0,8
BRDA:32,8,0,1
BRDA:43,9,0,4
BRDA:46,10,0,2
BRDA:55,11,0,27
BRDA:58,12,0,22
BRDA:58,13,0,5
BRDA:61,14,0,1
BRDA:64,15,0,1
BRDA:67,16,0,3
BRDA:71,17,0,14
BRDA:76,18,0,7
BRDA:83,19,0,9
BRDA:83,20,0,9
BRDA:83,21,0,5
BRDA:89,22,0,36
BRF:23
BRH:23
end_of_record
TN:
SF:src/shared/application/pagination-output.ts
FN:12,toOutput
FNF:1
FNH:1
FNDA:10,toOutput
DA:1,1
DA:2,1
DA:3,1
DA:4,1
DA:5,1
DA:6,1
DA:7,1
DA:8,1
DA:9,1
DA:10,1
DA:11,1
DA:12,1
DA:13,10
DA:14,10
DA:15,10
DA:16,10
DA:17,10
DA:18,10
DA:19,10
DA:20,10
DA:21,1
LF:21
LH:21
BRDA:12,0,0,10
BRF:1
BRH:1
end_of_record
TN:
SF:src/shared/domain/entity.ts
FN:4,<instance_members_initializer>
FNF:1
FNH:1
FNDA:232,<instance_members_initializer>
DA:1,1
DA:2,1
DA:3,1
DA:4,1
DA:5,232
DA:6,232
DA:7,232
DA:8,232
DA:9,232
LF:9
LH:9
BRDA:4,0,0,232
BRF:1
BRH:1
end_of_record
TN:
SF:src/shared/domain/value-object.ts
FN:4,equals
FNF:1
FNH:1
FNDA:22,equals
DA:1,1
DA:2,1
DA:3,1
DA:4,1
DA:5,22
DA:6,0
DA:7,0
DA:8,22
DA:9,22
DA:10,0
DA:11,0
DA:12,22
DA:13,22
DA:14,22
DA:15,1
LF:15
LH:11
BRDA:4,0,0,22
BRDA:5,1,0,0
BRDA:9,2,0,0
BRF:3
BRH:1
end_of_record
TN:
SF:src/shared/domain/errors/not-found.error.ts
FN:4,NotFoundError
FNF:1
FNH:1
FNDA:22,NotFoundError
DA:1,1
DA:2,1
DA:3,1
DA:4,1
DA:5,22
DA:6,22
DA:7,22
DA:8,22
DA:9,1
LF:9
LH:9
BRDA:4,0,0,22
BRDA:5,1,0,0
BRF:2
BRH:1
end_of_record
TN:
SF:src/shared/domain/repository/search-params.ts
FN:13,<instance_members_initializer>
FN:20,SearchParams
FN:29,get page
FN:33,set page
FN:43,get per_page
FN:47,set per_page
FN:57,get sort
FN:61,set sort
FN:65,get sort_dir
FN:69,set sort_dir
FN:78,get filter
FN:82,set filter
FNF:12
FNH:12
FNDA:89,<instance_members_initializer>
FNDA:89,SearchParams
FNDA:67,get page
FNDA:89,set page
FNDA:82,get per_page
FNDA:89,set per_page
FNDA:145,get sort
FNDA:89,set sort
FNDA:35,get sort_dir
FNDA:89,set sort_dir
FNDA:45,get filter
FNDA:89,set filter
DA:1,1
DA:2,1
DA:3,1
DA:4,1
DA:5,1
DA:6,1
DA:7,1
DA:8,1
DA:9,1
DA:10,1
DA:11,1
DA:12,1
DA:13,1
DA:14,89
DA:15,89
DA:16,89
DA:17,89
DA:18,89
DA:19,89
DA:20,89
DA:21,89
DA:22,89
DA:23,89
DA:24,89
DA:25,89
DA:26,89
DA:27,89
DA:28,89
DA:29,89
DA:30,67
DA:31,67
DA:32,89
DA:33,89
DA:34,89
DA:35,89
DA:36,89
DA:37,64
DA:38,64
DA:39,89
DA:40,89
DA:41,89
DA:42,89
DA:43,89
DA:44,82
DA:45,82
DA:46,89
DA:47,89
DA:48,89
DA:49,89
DA:50,89
DA:51,63
DA:52,63
DA:53,89
DA:54,89
DA:55,89
DA:56,89
DA:57,89
DA:58,145
DA:59,145
DA:60,89
DA:61,89
DA:62,89
DA:63,89
DA:64,89
DA:65,89
DA:66,35
DA:67,35
DA:68,89
DA:69,89
DA:70,89
DA:71,55
DA:72,55
DA:73,55
DA:74,34
DA:75,89
DA:76,89
DA:77,89
DA:78,89
DA:79,45
DA:80,45
DA:81,89
DA:82,89
DA:83,89
DA:84,89
DA:85,89
LF:85
LH:85
BRDA:13,0,0,89
BRDA:20,1,0,89
BRDA:29,2,0,67
BRDA:33,3,0,89
BRDA:36,4,0,31
BRDA:36,5,0,26
BRDA:36,6,0,64
BRDA:43,7,0,82
BRDA:47,8,0,89
BRDA:48,9,0,1
BRDA:48,10,0,88
BRDA:50,11,0,32
BRDA:50,12,0,27
BRDA:50,13,0,63
BRDA:57,14,0,145
BRDA:61,15,0,89
BRDA:62,16,0,87
BRDA:62,17,0,36
BRDA:62,18,0,55
BRDA:62,19,0,34
BRDA:65,20,0,35
BRDA:69,21,0,89
BRDA:70,22,0,55
BRDA:73,23,0,80
BRDA:73,24,0,34
BRDA:75,25,0,32
BRDA:75,26,0,24
BRDA:75,27,0,10
BRDA:78,28,0,45
BRDA:82,29,0,89
BRDA:83,30,0,88
BRDA:83,31,0,22
BRDA:83,32,0,68
BRDA:83,33,0,21
BRF:34
BRH:34
end_of_record
TN:
SF:src/shared/domain/repository/search-result.ts
FN:11,<instance_members_initializer>
FN:18,SearchResult
FN:27,toJSON
FNF:3
FNH:3
FNDA:50,<instance_members_initializer>
FNDA:50,SearchResult
FNDA:23,toJSON
DA:1,1
DA:2,1
DA:3,1
DA:4,1
DA:5,1
DA:6,1
DA:7,1
DA:8,1
DA:9,1
DA:10,1
DA:11,1
DA:12,50
DA:13,50
DA:14,50
DA:15,50
DA:16,50
DA:17,50
DA:18,50
DA:19,50
DA:20,50
DA:21,50
DA:22,50
DA:23,50
DA:24,50
DA:25,50
DA:26,50
DA:27,50
DA:28,23
DA:29,23
DA:30,23
DA:31,23
DA:32,23
DA:33,23
DA:34,23
DA:35,23
DA:36,50
LF:36
LH:36
BRDA:11,0,0,50
BRDA:18,1,0,50
BRDA:27,2,0,23
BRDA:29,3,0,20
BRDA:29,4,0,3
BRDA:29,5,0,36
BRF:6
BRH:6
end_of_record
TN:
SF:src/shared/domain/validators/class-validator-fields.ts
FN:6,validate
FNF:1
FNH:1
FNDA:183,validate
DA:1,1
DA:2,1
DA:3,1
DA:4,1
DA:5,1
DA:6,1
DA:7,183
DA:8,183
DA:9,183
DA:10,183
DA:11,3
DA:12,3
DA:13,3
DA:14,3
DA:15,3
DA:16,3
DA:17,3
DA:18,183
DA:19,183
DA:20,1
LF:20
LH:20
BRDA:6,0,0,183
BRDA:10,1,0,3
BRDA:13,2,0,3
BRF:3
BRH:3
end_of_record
TN:
SF:src/shared/domain/validators/notification.ts
FN:1,<instance_members_initializer>
FN:4,addError
FN:14,setError
FN:28,hasErrors
FN:32,copyErrors
FN:38,toJSON
FNF:6
FNH:3
FNDA:232,<instance_members_initializer>
FNDA:3,addError
FNDA:0,setError
FNDA:15,hasErrors
FNDA:0,copyErrors
FNDA:0,toJSON
DA:1,1
DA:2,232
DA:3,232
DA:4,232
DA:5,3
DA:6,3
DA:7,3
DA:8,3
DA:9,3
DA:10,0
DA:11,0
DA:12,3
DA:13,232
DA:14,232
DA:15,0
DA:16,0
DA:17,0
DA:18,0
DA:19,0
DA:20,0
DA:21,0
DA:22,0
DA:23,0
DA:24,0
DA:25,0
DA:26,0
DA:27,232
DA:28,232
DA:29,15
DA:30,15
DA:31,232
DA:32,232
DA:33,0
DA:34,0
DA:35,0
DA:36,0
DA:37,232
DA:38,232
DA:39,0
DA:40,0
DA:41,0
DA:42,0
DA:43,0
DA:44,0
DA:45,0
DA:46,0
DA:47,0
DA:48,0
DA:49,232
LF:49
LH:21
BRDA:1,0,0,232
BRDA:4,1,0,3
BRDA:9,2,0,0
BRDA:28,3,0,15
BRF:4
BRH:3
end_of_record
TN:
SF:src/shared/domain/validators/validation.error.ts
FN:5,<instance_members_initializer>
FNF:1
FNH:0
FNDA:0,<instance_members_initializer>
DA:1,1
DA:2,1
DA:3,1
DA:4,1
DA:5,1
DA:6,0
DA:7,0
DA:8,0
DA:9,0
LF:9
LH:5
BRF:0
BRH:0
end_of_record
TN:
SF:src/shared/domain/value-objects/uuid.vo.ts
FN:4,<instance_members_initializer>
FN:7,Uuid
FN:13,validate
FN:20,toString
FN:26,InvalidUuidError
FNF:5
FNH:5
FNDA:277,<instance_members_initializer>
FNDA:277,Uuid
FNDA:277,validate
FNDA:5,toString
FNDA:8,InvalidUuidError
DA:1,1
DA:2,1
DA:3,1
DA:4,1
DA:5,277
DA:6,277
DA:7,277
DA:8,277
DA:9,277
DA:10,277
DA:11,277
DA:12,277
DA:13,277
DA:14,277
DA:15,277
DA:16,4
DA:17,4
DA:18,277
DA:19,277
DA:20,277
DA:21,5
DA:22,5
DA:23,277
DA:24,1
DA:25,1
DA:26,1
DA:27,8
DA:28,8
DA:29,8
DA:30,1
LF:30
LH:30
BRDA:4,0,0,277
BRDA:7,1,0,277
BRDA:9,2,0,174
BRDA:13,3,0,277
BRDA:15,4,0,4
BRDA:20,5,0,5
BRDA:26,6,0,8
BRF:7
BRH:7
end_of_record
TN:
SF:src/shared/infra/config.ts
FN:5,<static_initializer>
FN:7,db
FN:17,readEnv
FNF:3
FNH:3
FNDA:8,<static_initializer>
FNDA:8,db
FNDA:8,readEnv
DA:1,1
DA:2,1
DA:3,1
DA:4,1
DA:5,1
DA:6,1
DA:7,1
DA:8,8
DA:9,8
DA:10,8
DA:11,8
DA:12,8
DA:13,8
DA:14,8
DA:15,8
DA:16,1
DA:17,1
DA:18,8
DA:19,0
DA:20,0
DA:21,8
DA:22,8
DA:23,8
DA:24,8
DA:25,8
DA:26,1
LF:26
LH:24
BRDA:5,0,0,8
BRDA:7,1,0,8
BRDA:17,2,0,8
BRDA:18,3,0,0
BRF:4
BRH:3
end_of_record
TN:
SF:src/shared/infra/db/in-memory/in-memory.repository.ts
FN:8,<instance_members_initializer>
FN:11,insert
FN:14,bulkInsert
FN:18,update
FN:26,delete
FN:34,findById
FN:39,findAll
FN:45,<instance_members_initializer>
FN:50,search
FN:64,applyPaginate
FN:70,applySort
FNF:11
FNH:11
FNDA:33,<instance_members_initializer>
FNDA:6,insert
FNDA:1,bulkInsert
FNDA:9,update
FNDA:5,delete
FNDA:10,findById
FNDA:1,findAll
FNDA:26,<instance_members_initializer>
FNDA:13,search
FNDA:17,applyPaginate
FNDA:20,applySort
DA:1,1
DA:2,1
DA:3,1
DA:4,1
DA:5,1
DA:6,1
DA:7,1
DA:8,1
DA:9,33
DA:10,33
DA:11,33
DA:12,6
DA:13,6
DA:14,33
DA:15,1
DA:16,1
DA:17,33
DA:18,33
DA:19,9
DA:20,9
DA:21,1
DA:22,1
DA:23,8
DA:24,8
DA:25,33
DA:26,33
DA:27,5
DA:28,5
DA:29,3
DA:30,3
DA:31,2
DA:32,2
DA:33,33
DA:34,33
DA:35,10
DA:36,10
DA:37,10
DA:38,33
DA:39,33
DA:40,1
DA:41,1
DA:42,33
DA:43,33
DA:44,1
DA:45,1
DA:46,26
DA:47,26
DA:48,26
DA:49,26
DA:50,26
DA:51,13
DA:52,13
DA:53,13
DA:54,13
DA:55,13
DA:56,13
DA:57,13
DA:58,13
DA:59,13
DA:60,13
DA:61,26
DA:62,26
DA:63,26
DA:64,26
DA:65,17
DA:66,17
DA:67,17
DA:68,17
DA:69,26
DA:70,26
DA:71,20
DA:72,5
DA:73,5
DA:74,15
DA:75,15
DA:76,64
DA:77,64
DA:78,64
DA:79,64
DA:80,64
DA:81,24
DA:82,24
DA:83,40
DA:84,40
DA:85,40
DA:86,40
DA:87,0
DA:88,0
DA:89,0
DA:90,15
DA:91,26
LF:91
LH:88
BRDA:8,0,0,33
BRDA:11,1,0,6
BRDA:14,2,0,1
BRDA:18,3,0,9
BRDA:20,4,0,8
BRDA:20,5,0,1
BRDA:19,6,0,8
BRDA:26,7,0,5
BRDA:28,8,0,4
BRDA:28,9,0,3
BRDA:30,10,0,2
BRDA:27,11,0,2
BRDA:34,12,0,10
BRDA:36,13,0,2
BRDA:36,14,0,8
BRDA:35,15,0,8
BRDA:39,16,0,1
BRDA:45,17,0,26
BRDA:50,18,0,13
BRDA:64,19,0,17
BRDA:70,20,0,20
BRDA:71,21,0,16
BRDA:71,22,0,5
BRDA:73,23,0,15
BRDA:75,24,0,64
BRDA:77,25,0,0
BRDA:79,26,0,0
BRDA:80,27,0,24
BRDA:81,28,0,15
BRDA:81,29,0,9
BRDA:82,30,0,40
BRDA:85,31,0,20
BRDA:85,32,0,20
BRDA:86,33,0,0
BRF:34
BRH:31
end_of_record
TN:
SF:src/shared/infra/testing/helpers.ts
FN:4,setupSequelize
FN:19,get sequelize
FNF:2
FNH:1
FNDA:8,setupSequelize
FNDA:0,get sequelize
DA:1,1
DA:2,1
DA:3,1
DA:4,1
DA:5,8
DA:6,8
DA:7,8
DA:8,8
DA:9,8
DA:10,8
DA:11,8
DA:12,8
DA:13,8
DA:14,8
DA:15,8
DA:16,8
DA:17,8
DA:18,8
DA:19,8
DA:20,0
DA:21,0
DA:22,8
DA:23,8
LF:23
LH:21
BRDA:4,0,0,8
BRDA:7,1,0,8
BRDA:14,2,0,28
BRDA:16,3,0,8
BRF:4
BRH:4
end_of_record
