TN:
SF:src/category/application/common/category-output.ts
FN:12,toOutput
FNF:1
FNH:1
FNDA:27,toOutput
DA:1,1
DA:2,1
DA:3,1
DA:4,1
DA:5,1
DA:6,1
DA:7,1
DA:8,1
DA:9,1
DA:10,1
DA:11,1
DA:12,1
DA:13,27
DA:14,27
DA:15,27
DA:16,27
DA:17,27
DA:18,27
DA:19,1
LF:19
LH:19
BRDA:12,0,0,27
BRF:1
BRH:1
end_of_record
TN:
SF:src/category/application/use-cases/create-category.use-case.ts
FN:7,<instance_members_initializer>
FN:8,CreateCategoryUseCase
FN:10,execute
FNF:3
FNH:3
FNDA:1,<instance_members_initializer>
FNDA:1,CreateCategoryUseCase
FNDA:4,execute
DA:1,1
DA:2,1
DA:3,1
DA:4,1
DA:5,1
DA:6,1
DA:7,1
DA:8,1
DA:9,1
DA:10,1
DA:11,4
DA:12,4
DA:13,4
DA:14,0
DA:15,0
DA:16,4
DA:17,4
DA:18,4
DA:19,4
DA:20,4
DA:21,1
DA:22,1
DA:23,1
DA:24,1
DA:25,1
DA:26,1
DA:27,1
DA:28,1
DA:29,1
LF:29
LH:27
BRDA:7,0,0,1
BRDA:8,1,0,1
BRDA:10,2,0,4
BRDA:13,3,0,0
BRF:4
BRH:3
end_of_record
TN:
SF:src/category/application/use-cases/delete-category.use-case.ts
FN:5,<instance_members_initializer>
FN:6,DeleteCategoryUseCase
FN:8,execute
FNF:3
FNH:3
FNDA:2,<instance_members_initializer>
FNDA:2,DeleteCategoryUseCase
FNDA:2,execute
DA:1,1
DA:2,1
DA:3,1
DA:4,1
DA:5,1
DA:6,2
DA:7,2
DA:8,2
DA:9,2
DA:10,2
DA:11,1
DA:12,2
DA:13,1
DA:14,1
DA:15,1
DA:16,1
LF:16
LH:16
BRDA:5,0,0,2
BRDA:6,1,0,2
BRDA:8,2,0,2
BRDA:10,3,0,1
BRF:4
BRH:4
end_of_record
TN:
SF:src/category/application/use-cases/get-category.use-case.ts
FN:8,<instance_members_initializer>
FN:9,GetCategoryUseCase
FN:11,execute
FNF:3
FNH:3
FNDA:2,<instance_members_initializer>
FNDA:2,GetCategoryUseCase
FNDA:2,execute
DA:1,1
DA:2,1
DA:3,1
DA:4,1
DA:5,1
DA:6,1
DA:7,1
DA:8,1
DA:9,2
DA:10,2
DA:11,2
DA:12,2
DA:13,2
DA:14,2
DA:15,1
DA:16,1
DA:17,1
DA:18,1
DA:19,1
DA:20,2
DA:21,1
DA:22,1
DA:23,1
DA:24,1
DA:25,1
DA:26,1
LF:26
LH:26
BRDA:8,0,0,2
BRDA:9,1,0,2
BRDA:11,2,0,2
BRDA:14,3,0,1
BRF:4
BRH:4
end_of_record
TN:
SF:src/category/application/use-cases/list-categories.use-case.ts
FN:7,<instance_members_initializer>
FN:8,ListCategoriesUseCase
FN:10,execute
FN:16,toOutput
FNF:4
FNH:4
FNDA:2,<instance_members_initializer>
FNDA:2,ListCategoriesUseCase
FNDA:4,execute
FNDA:4,toOutput
DA:1,1
DA:2,1
DA:3,1
DA:4,1
DA:5,1
DA:6,1
DA:7,1
DA:8,2
DA:9,2
DA:10,2
DA:11,4
DA:12,4
DA:13,4
DA:14,4
DA:15,2
DA:16,2
DA:17,4
DA:18,4
DA:19,7
DA:20,7
DA:21,4
DA:22,4
DA:23,2
DA:24,1
DA:25,1
DA:26,1
DA:27,1
DA:28,1
DA:29,1
DA:30,1
DA:31,1
DA:32,1
DA:33,1
LF:33
LH:33
BRDA:7,0,0,2
BRDA:8,1,0,2
BRDA:10,2,0,4
BRDA:16,3,0,4
BRDA:18,4,0,7
BRF:5
BRH:5
end_of_record
TN:
SF:src/category/application/use-cases/update-category.use-case.ts
FN:8,<instance_members_initializer>
FN:9,UpdateCategoryUseCase
FN:11,execute
FNF:3
FNH:3
FNDA:2,<instance_members_initializer>
FNDA:2,UpdateCategoryUseCase
FNDA:8,execute
DA:1,1
DA:2,1
DA:3,1
DA:4,1
DA:5,1
DA:6,1
DA:7,1
DA:8,1
DA:9,2
DA:10,2
DA:11,2
DA:12,8
DA:13,8
DA:14,8
DA:15,8
DA:16,1
DA:17,1
DA:18,7
DA:19,7
DA:20,8
DA:21,8
DA:22,2
DA:23,2
DA:24,7
DA:25,8
DA:26,1
DA:27,1
DA:28,7
DA:29,8
DA:30,2
DA:31,2
DA:32,7
DA:33,7
DA:34,7
DA:35,7
DA:36,7
DA:37,2
DA:38,1
DA:39,1
DA:40,1
DA:41,1
DA:42,1
DA:43,1
DA:44,1
DA:45,1
DA:46,1
LF:46
LH:46
BRDA:8,0,0,2
BRDA:9,1,0,2
BRDA:11,2,0,8
BRDA:15,3,0,1
BRDA:17,4,0,7
BRDA:21,5,0,2
BRDA:23,6,0,7
BRDA:25,7,0,1
BRDA:27,8,0,7
BRDA:29,9,0,2
BRDA:31,10,0,7
BRF:11
BRH:11
end_of_record
TN:
SF:src/category/domain/category-fake.builder.ts
FN:7,<instance_members_initializer>
FN:9,_name
FN:10,_description
FN:11,_is_active
FN:16,aCategory
FN:20,theCategories
FN:26,CategoryFakeBuilder
FN:31,withUuid
FN:36,withName
FN:41,withDescription
FN:46,activate
FN:51,deactivate
FN:56,withCreatedAt
FN:61,withInvalidNameTooLong
FN:66,build
FN:83,get category_id
FN:87,get name
FN:91,get description
FN:95,get is_active
FN:99,get created_at
FN:103,getValue
FN:112,callFactory
FNF:22
FNH:22
FNDA:48,<instance_members_initializer>
FNDA:30,_name
FNDA:53,_description
FNDA:88,_is_active
FNDA:40,aCategory
FNDA:8,theCategories
FNDA:48,CategoryFakeBuilder
FNDA:6,withUuid
FNDA:31,withName
FNDA:8,withDescription
FNDA:1,activate
FNDA:3,deactivate
FNDA:16,withCreatedAt
FNDA:2,withInvalidNameTooLong
FNDA:52,build
FNDA:2,get category_id
FNDA:1,get name
FNDA:1,get description
FNDA:2,get is_active
FNDA:2,get created_at
FNDA:8,getValue
FNDA:336,callFactory
DA:1,1
DA:2,1
DA:3,1
DA:4,1
DA:5,1
DA:6,1
DA:7,1
DA:8,48
DA:9,48
DA:10,48
DA:11,48
DA:12,48
DA:13,48
DA:14,48
DA:15,48
DA:16,48
DA:17,40
DA:18,40
DA:19,48
DA:20,48
DA:21,8
DA:22,8
DA:23,48
DA:24,48
DA:25,48
DA:26,48
DA:27,48
DA:28,48
DA:29,48
DA:30,48
DA:31,48
DA:32,6
DA:33,6
DA:34,6
DA:35,48
DA:36,48
DA:37,31
DA:38,31
DA:39,31
DA:40,48
DA:41,48
DA:42,8
DA:43,8
DA:44,8
DA:45,48
DA:46,48
DA:47,1
DA:48,1
DA:49,1
DA:50,48
DA:51,48
DA:52,3
DA:53,3
DA:54,3
DA:55,48
DA:56,48
DA:57,16
DA:58,16
DA:59,16
DA:60,48
DA:61,48
DA:62,2
DA:63,2
DA:64,2
DA:65,48
DA:66,48
DA:67,52
DA:68,91
DA:69,91
DA:70,91
DA:71,91
DA:72,91
DA:73,91
DA:74,47
DA:75,91
DA:76,91
DA:77,91
DA:78,91
DA:79,91
DA:80,52
DA:81,52
DA:82,48
DA:83,48
DA:84,2
DA:85,2
DA:86,48
DA:87,48
DA:88,1
DA:89,1
DA:90,48
DA:91,48
DA:92,1
DA:93,1
DA:94,48
DA:95,48
DA:96,2
DA:97,2
DA:98,48
DA:99,48
DA:100,2
DA:101,2
DA:102,48
DA:103,48
DA:104,8
DA:105,8
DA:106,8
DA:107,2
DA:108,2
DA:109,6
DA:110,6
DA:111,48
DA:112,48
DA:113,336
DA:114,336
DA:115,48
LF:115
LH:115
BRDA:7,0,0,48
BRDA:9,1,0,30
BRDA:10,2,0,53
BRDA:11,3,0,88
BRDA:16,4,0,40
BRDA:20,5,0,8
BRDA:26,6,0,48
BRDA:31,7,0,6
BRDA:36,8,0,31
BRDA:41,9,0,8
BRDA:46,10,0,1
BRDA:51,11,0,3
BRDA:56,12,0,16
BRDA:61,13,0,2
BRDA:62,14,0,1
BRDA:66,15,0,52
BRDA:80,16,0,41
BRDA:80,17,0,11
BRDA:67,18,0,91
BRDA:69,19,0,81
BRDA:69,20,0,10
BRDA:73,21,0,47
BRDA:83,22,0,2
BRDA:87,23,0,1
BRDA:91,24,0,1
BRDA:95,25,0,2
BRDA:99,26,0,2
BRDA:103,27,0,8
BRDA:106,28,0,3
BRDA:106,29,0,2
BRDA:108,30,0,6
BRDA:112,31,0,336
BRDA:113,32,0,225
BRDA:113,33,0,111
BRF:34
BRH:34
end_of_record
TN:
SF:src/category/domain/category.entity.ts
FN:22,<instance_members_initializer>
FN:29,Category
FN:38,get entity_id
FN:42,create
FN:49,changeName
FN:54,changeDescription
FN:58,activate
FN:62,deactivate
FN:66,validate
FN:71,fake
FN:75,toJSON
FNF:11
FNH:10
FNDA:182,<instance_members_initializer>
FNDA:182,Category
FNDA:0,get entity_id
FNDA:10,create
FNDA:10,changeName
FNDA:3,changeDescription
FNDA:2,activate
FNDA:3,deactivate
FNDA:172,validate
FNDA:36,fake
FNDA:88,toJSON
DA:1,1
DA:2,1
DA:3,1
DA:4,1
DA:5,1
DA:6,1
DA:7,1
DA:8,1
DA:9,1
DA:10,1
DA:11,1
DA:12,1
DA:13,1
DA:14,1
DA:15,1
DA:16,1
DA:17,1
DA:18,1
DA:19,1
DA:20,1
DA:21,1
DA:22,1
DA:23,182
DA:24,182
DA:25,182
DA:26,182
DA:27,182
DA:28,182
DA:29,182
DA:30,182
DA:31,182
DA:32,182
DA:33,182
DA:34,182
DA:35,182
DA:36,182
DA:37,182
DA:38,182
DA:39,0
DA:40,0
DA:41,182
DA:42,182
DA:43,10
DA:44,10
DA:45,10
DA:46,10
DA:47,10
DA:48,182
DA:49,182
DA:50,10
DA:51,10
DA:52,10
DA:53,182
DA:54,182
DA:55,3
DA:56,3
DA:57,182
DA:58,182
DA:59,2
DA:60,2
DA:61,182
DA:62,182
DA:63,3
DA:64,3
DA:65,182
DA:66,182
DA:67,172
DA:68,172
DA:69,172
DA:70,182
DA:71,182
DA:72,36
DA:73,36
DA:74,182
DA:75,182
DA:76,88
DA:77,88
DA:78,88
DA:79,88
DA:80,88
DA:81,88
DA:82,88
DA:83,88
DA:84,182
LF:84
LH:82
BRDA:22,0,0,182
BRDA:29,1,0,182
BRDA:31,2,0,109
BRDA:33,3,0,76
BRDA:34,4,0,21
BRDA:35,5,0,71
BRDA:42,6,0,10
BRDA:49,7,0,10
BRDA:54,8,0,3
BRDA:58,9,0,2
BRDA:62,10,0,3
BRDA:66,11,0,172
BRDA:71,12,0,36
BRDA:75,13,0,88
BRF:14
BRH:14
end_of_record
TN:
SF:src/category/domain/category.repository.ts
FNF:0
FNH:0
DA:1,1
DA:2,1
DA:3,1
DA:4,1
DA:5,1
DA:6,1
DA:7,1
DA:8,1
DA:9,1
DA:10,1
DA:11,1
LF:11
LH:11
BRF:0
BRH:0
end_of_record
TN:
SF:src/category/domain/category.validator.ts
FN:7,<instance_members_initializer>
FN:11,CategoryRules
FN:17,validate
FN:24,create
FNF:4
FNH:4
FNDA:172,<instance_members_initializer>
FNDA:172,CategoryRules
FNDA:172,validate
FNDA:172,create
DA:1,1
DA:2,1
DA:3,1
DA:4,1
DA:5,1
DA:6,1
DA:7,1
DA:8,172
DA:9,172
DA:10,172
DA:11,172
DA:12,172
DA:13,172
DA:14,172
DA:15,1
DA:16,1
DA:17,1
DA:18,172
DA:19,172
DA:20,172
DA:21,1
DA:22,1
DA:23,1
DA:24,1
DA:25,172
DA:26,172
DA:27,1
LF:27
LH:27
BRDA:7,0,0,172
BRDA:11,1,0,172
BRDA:17,2,0,172
BRDA:18,3,0,20
BRDA:18,4,0,20
BRDA:18,5,0,152
BRDA:24,6,0,172
BRF:7
BRH:7
end_of_record
TN:
SF:src/category/infra/db/in-memory/category-in-memory.repository.ts
FN:7,<instance_members_initializer>
FN:10,applyFilter
FN:20,getEntity
FN:24,applySort
FNF:4
FNH:3
FNDA:4,<instance_members_initializer>
FNDA:2,applyFilter
FNDA:0,getEntity
FNDA:3,applySort
DA:1,1
DA:2,1
DA:3,1
DA:4,1
DA:5,1
DA:6,1
DA:7,1
DA:8,4
DA:9,4
DA:10,4
DA:11,2
DA:12,1
DA:13,1
DA:14,1
DA:15,1
DA:16,3
DA:17,3
DA:18,1
DA:19,4
DA:20,4
DA:21,0
DA:22,0
DA:23,4
DA:24,4
DA:25,3
DA:26,3
DA:27,4
LF:27
LH:25
BRDA:7,0,0,4
BRDA:10,1,0,2
BRDA:11,2,0,1
BRDA:15,3,0,3
BRDA:24,4,0,3
BRDA:25,5,0,2
BRDA:25,6,0,1
BRF:7
BRH:7
end_of_record
TN:
SF:src/category/infra/db/sequelize/category-model.mapper.ts
FN:6,toModel
FN:16,toEntity
FNF:2
FNH:2
FNDA:64,toModel
FNDA:61,toEntity
DA:1,1
DA:2,1
DA:3,1
DA:4,1
DA:5,1
DA:6,1
DA:7,64
DA:8,64
DA:9,64
DA:10,64
DA:11,64
DA:12,64
DA:13,64
DA:14,64
DA:15,1
DA:16,1
DA:17,61
DA:18,61
DA:19,61
DA:20,61
DA:21,61
DA:22,61
DA:23,61
DA:24,61
DA:25,61
DA:26,61
DA:27,61
DA:28,1
LF:28
LH:28
BRDA:6,0,0,64
BRDA:16,1,0,61
BRF:2
BRH:2
end_of_record
TN:
SF:src/category/infra/db/sequelize/category.model.ts
FNF:0
FNH:0
DA:1,1
DA:2,1
DA:3,1
DA:4,1
DA:5,1
DA:6,1
DA:7,1
DA:8,1
DA:9,1
DA:10,1
DA:11,1
DA:12,1
DA:13,1
DA:14,1
DA:15,1
DA:16,1
DA:17,1
DA:18,1
DA:19,1
DA:20,1
DA:21,1
DA:22,1
DA:23,1
DA:24,1
DA:25,1
DA:26,1
DA:27,1
DA:28,1
LF:28
LH:28
BRDA:27,0,0,0
BRF:1
BRH:0
end_of_record
TN:
SF:src/category/infra/db/sequelize/category.sequelize.repository.ts
FN:9,<instance_members_initializer>
FN:12,CategorySequelizeRepository
FN:14,insert
FN:20,bulkInsert
FN:25,_get
FN:29,update
FN:43,delete
FN:55,findById
FN:61,findAll
FN:67,getEntity
FN:71,search
FNF:11
FNH:11
FNDA:23,<instance_members_initializer>
FNDA:23,CategorySequelizeRepository
FNDA:12,insert
FNDA:8,bulkInsert
FNDA:40,_get
FNDA:9,update
FNDA:4,delete
FNDA:27,findById
FNDA:1,findAll
FNDA:3,getEntity
FNDA:14,search
DA:1,1
DA:2,1
DA:3,1
DA:4,1
DA:5,1
DA:6,1
DA:7,1
DA:8,1
DA:9,1
DA:10,23
DA:11,23
DA:12,23
DA:13,23
DA:14,23
DA:15,12
DA:16,12
DA:17,12
DA:18,12
DA:19,23
DA:20,23
DA:21,8
DA:22,8
DA:23,8
DA:24,23
DA:25,23
DA:26,40
DA:27,40
DA:28,23
DA:29,23
DA:30,9
DA:31,9
DA:32,9
DA:33,1
DA:34,1
DA:35,8
DA:36,8
DA:37,8
DA:38,8
DA:39,8
DA:40,8
DA:41,8
DA:42,23
DA:43,23
DA:44,4
DA:45,4
DA:46,4
DA:47,2
DA:48,2
DA:49,2
DA:50,2
DA:51,2
DA:52,2
DA:53,2
DA:54,23
DA:55,23
DA:56,27
DA:57,27
DA:58,27
DA:59,27
DA:60,23
DA:61,23
DA:62,1
DA:63,1
DA:64,1
DA:65,1
DA:66,23
DA:67,23
DA:68,3
DA:69,3
DA:70,23
DA:71,23
DA:72,14
DA:73,14
DA:74,14
DA:75,14
DA:76,14
DA:77,7
DA:78,7
DA:79,7
DA:80,7
DA:81,7
DA:82,14
DA:83,14
DA:84,14
DA:85,14
DA:86,14
DA:87,14
DA:88,14
DA:89,14
DA:90,14
DA:91,14
DA:92,14
DA:93,14
DA:94,14
DA:95,23
LF:95
LH:95
BRDA:9,0,0,23
BRDA:12,1,0,23
BRDA:14,2,0,12
BRDA:20,3,0,8
BRDA:21,4,0,43
BRDA:25,5,0,40
BRDA:29,6,0,9
BRDA:32,7,0,8
BRDA:32,8,0,1
BRDA:43,9,0,4
BRDA:46,10,0,2
BRDA:55,11,0,27
BRDA:58,12,0,22
BRDA:58,13,0,5
BRDA:61,14,0,1
BRDA:64,15,0,1
BRDA:67,16,0,3
BRDA:71,17,0,14
BRDA:76,18,0,7
BRDA:83,19,0,9
BRDA:83,20,0,9
BRDA:83,21,0,5
BRDA:89,22,0,36
BRF:23
BRH:23
end_of_record
TN:
SF:src/shared/application/pagination-output.ts
FN:12,toOutput
FNF:1
FNH:1
FNDA:4,toOutput
DA:1,1
DA:2,1
DA:3,1
DA:4,1
DA:5,1
DA:6,1
DA:7,1
DA:8,1
DA:9,1
DA:10,1
DA:11,1
DA:12,1
DA:13,4
DA:14,4
DA:15,4
DA:16,4
DA:17,4
DA:18,4
DA:19,4
DA:20,4
DA:21,1
LF:21
LH:21
BRDA:12,0,0,4
BRF:1
BRH:1
end_of_record
TN:
SF:src/shared/domain/entity.ts
FN:4,<instance_members_initializer>
FNF:1
FNH:1
FNDA:219,<instance_members_initializer>
DA:1,1
DA:2,1
DA:3,1
DA:4,1
DA:5,219
DA:6,219
DA:7,219
DA:8,219
DA:9,219
LF:9
LH:9
BRDA:4,0,0,219
BRF:1
BRH:1
end_of_record
TN:
SF:src/shared/domain/value-object.ts
FN:4,equals
FNF:1
FNH:1
FNDA:6,equals
DA:1,1
DA:2,1
DA:3,1
DA:4,1
DA:5,6
DA:6,0
DA:7,0
DA:8,6
DA:9,6
DA:10,0
DA:11,0
DA:12,6
DA:13,6
DA:14,6
DA:15,1
LF:15
LH:11
BRDA:4,0,0,6
BRDA:5,1,0,0
BRDA:9,2,0,0
BRF:3
BRH:1
end_of_record
TN:
SF:src/shared/domain/errors/not-found.error.ts
FN:4,NotFoundError
FNF:1
FNH:1
FNDA:16,NotFoundError
DA:1,1
DA:2,1
DA:3,1
DA:4,1
DA:5,16
DA:6,16
DA:7,16
DA:8,16
DA:9,1
LF:9
LH:9
BRDA:4,0,0,16
BRDA:5,1,0,0
BRF:2
BRH:1
end_of_record
TN:
SF:src/shared/domain/repository/search-params.ts
FN:13,<instance_members_initializer>
FN:20,SearchParams
FN:29,get page
FN:33,set page
FN:43,get per_page
FN:47,set per_page
FN:57,get sort
FN:61,set sort
FN:65,get sort_dir
FN:69,set sort_dir
FN:78,get filter
FN:82,set filter
FNF:12
FNH:12
FNDA:85,<instance_members_initializer>
FNDA:85,SearchParams
FNDA:59,get page
FNDA:85,set page
FNDA:74,get per_page
FNDA:85,set per_page
FNDA:137,get sort
FNDA:85,set sort
FNDA:31,get sort_dir
FNDA:85,set sort_dir
FNDA:41,get filter
FNDA:85,set filter
DA:1,1
DA:2,1
DA:3,1
DA:4,1
DA:5,1
DA:6,1
DA:7,1
DA:8,1
DA:9,1
DA:10,1
DA:11,1
DA:12,1
DA:13,1
DA:14,85
DA:15,85
DA:16,85
DA:17,85
DA:18,85
DA:19,85
DA:20,85
DA:21,85
DA:22,85
DA:23,85
DA:24,85
DA:25,85
DA:26,85
DA:27,85
DA:28,85
DA:29,85
DA:30,59
DA:31,59
DA:32,85
DA:33,85
DA:34,85
DA:35,85
DA:36,85
DA:37,63
DA:38,63
DA:39,85
DA:40,85
DA:41,85
DA:42,85
DA:43,85
DA:44,74
DA:45,74
DA:46,85
DA:47,85
DA:48,85
DA:49,85
DA:50,85
DA:51,62
DA:52,62
DA:53,85
DA:54,85
DA:55,85
DA:56,85
DA:57,85
DA:58,137
DA:59,137
DA:60,85
DA:61,85
DA:62,85
DA:63,85
DA:64,85
DA:65,85
DA:66,31
DA:67,31
DA:68,85
DA:69,85
DA:70,85
DA:71,54
DA:72,54
DA:73,54
DA:74,31
DA:75,85
DA:76,85
DA:77,85
DA:78,85
DA:79,41
DA:80,41
DA:81,85
DA:82,85
DA:83,85
DA:84,85
DA:85,85
LF:85
LH:85
BRDA:13,0,0,85
BRDA:20,1,0,85
BRDA:29,2,0,59
BRDA:33,3,0,85
BRDA:36,4,0,28
BRDA:36,5,0,23
BRDA:36,6,0,63
BRDA:43,7,0,74
BRDA:47,8,0,85
BRDA:48,9,0,1
BRDA:48,10,0,84
BRDA:50,11,0,29
BRDA:50,12,0,24
BRDA:50,13,0,62
BRDA:57,14,0,137
BRDA:61,15,0,85
BRDA:62,16,0,83
BRDA:62,17,0,33
BRDA:62,18,0,54
BRDA:62,19,0,31
BRDA:65,20,0,31
BRDA:69,21,0,85
BRDA:70,22,0,54
BRDA:73,23,0,77
BRDA:73,24,0,31
BRDA:75,25,0,29
BRDA:75,26,0,22
BRDA:75,27,0,9
BRDA:78,28,0,41
BRDA:82,29,0,85
BRDA:83,30,0,84
BRDA:83,31,0,19
BRDA:83,32,0,67
BRDA:83,33,0,18
BRF:34
BRH:34
end_of_record
TN:
SF:src/shared/domain/repository/search-result.ts
FN:11,<instance_members_initializer>
FN:18,SearchResult
FN:27,toJSON
FNF:3
FNH:3
FNDA:44,<instance_members_initializer>
FNDA:44,SearchResult
FNDA:23,toJSON
DA:1,1
DA:2,1
DA:3,1
DA:4,1
DA:5,1
DA:6,1
DA:7,1
DA:8,1
DA:9,1
DA:10,1
DA:11,1
DA:12,44
DA:13,44
DA:14,44
DA:15,44
DA:16,44
DA:17,44
DA:18,44
DA:19,44
DA:20,44
DA:21,44
DA:22,44
DA:23,44
DA:24,44
DA:25,44
DA:26,44
DA:27,44
DA:28,23
DA:29,23
DA:30,23
DA:31,23
DA:32,23
DA:33,23
DA:34,23
DA:35,23
DA:36,44
LF:36
LH:36
BRDA:11,0,0,44
BRDA:18,1,0,44
BRDA:27,2,0,23
BRDA:29,3,0,20
BRDA:29,4,0,3
BRDA:29,5,0,36
BRF:6
BRH:6
end_of_record
TN:
SF:src/shared/domain/validators/class-validator-fields.ts
FN:6,validate
FNF:1
FNH:1
FNDA:172,validate
DA:1,1
DA:2,1
DA:3,1
DA:4,1
DA:5,1
DA:6,1
DA:7,172
DA:8,172
DA:9,172
DA:10,172
DA:11,3
DA:12,3
DA:13,3
DA:14,3
DA:15,3
DA:16,3
DA:17,3
DA:18,172
DA:19,172
DA:20,1
LF:20
LH:20
BRDA:6,0,0,172
BRDA:10,1,0,3
BRDA:13,2,0,3
BRF:3
BRH:3
end_of_record
TN:
SF:src/shared/domain/validators/notification.ts
FN:1,<instance_members_initializer>
FN:4,addError
FN:14,setError
FN:28,hasErrors
FN:32,copyErrors
FN:38,toJSON
FNF:6
FNH:3
FNDA:219,<instance_members_initializer>
FNDA:3,addError
FNDA:0,setError
FNDA:13,hasErrors
FNDA:0,copyErrors
FNDA:0,toJSON
DA:1,1
DA:2,219
DA:3,219
DA:4,219
DA:5,3
DA:6,3
DA:7,3
DA:8,3
DA:9,3
DA:10,0
DA:11,0
DA:12,3
DA:13,219
DA:14,219
DA:15,0
DA:16,0
DA:17,0
DA:18,0
DA:19,0
DA:20,0
DA:21,0
DA:22,0
DA:23,0
DA:24,0
DA:25,0
DA:26,0
DA:27,219
DA:28,219
DA:29,13
DA:30,13
DA:31,219
DA:32,219
DA:33,0
DA:34,0
DA:35,0
DA:36,0
DA:37,219
DA:38,219
DA:39,0
DA:40,0
DA:41,0
DA:42,0
DA:43,0
DA:44,0
DA:45,0
DA:46,0
DA:47,0
DA:48,0
DA:49,219
LF:49
LH:21
BRDA:1,0,0,219
BRDA:4,1,0,3
BRDA:9,2,0,0
BRDA:28,3,0,13
BRF:4
BRH:3
end_of_record
TN:
SF:src/shared/domain/validators/validation.error.ts
FN:5,<instance_members_initializer>
FNF:1
FNH:0
FNDA:0,<instance_members_initializer>
DA:1,1
DA:2,1
DA:3,1
DA:4,1
DA:5,1
DA:6,0
DA:7,0
DA:8,0
DA:9,0
DA:10,0
DA:11,0
DA:12,0
DA:13,0
LF:13
LH:5
BRDA:5,0,0,0
BRF:1
BRH:0
end_of_record
TN:
SF:src/shared/domain/value-objects/uuid.vo.ts
FN:4,<instance_members_initializer>
FN:7,Uuid
FN:13,validate
FN:20,toString
FN:26,InvalidUuidError
FNF:5
FNH:5
FNDA:246,<instance_members_initializer>
FNDA:246,Uuid
FNDA:246,validate
FNDA:4,toString
FNDA:2,InvalidUuidError
DA:1,1
DA:2,1
DA:3,1
DA:4,1
DA:5,246
DA:6,246
DA:7,246
DA:8,246
DA:9,246
DA:10,246
DA:11,246
DA:12,246
DA:13,246
DA:14,246
DA:15,246
DA:16,1
DA:17,1
DA:18,246
DA:19,246
DA:20,246
DA:21,4
DA:22,4
DA:23,246
DA:24,1
DA:25,1
DA:26,1
DA:27,2
DA:28,2
DA:29,2
DA:30,1
LF:30
LH:30
BRDA:4,0,0,246
BRDA:7,1,0,246
BRDA:9,2,0,158
BRDA:13,3,0,246
BRDA:15,4,0,1
BRDA:20,5,0,4
BRDA:26,6,0,2
BRF:7
BRH:7
end_of_record
TN:
SF:src/shared/infra/config.ts
FN:5,<static_initializer>
FN:7,db
FN:17,readEnv
FNF:3
FNH:3
FNDA:8,<static_initializer>
FNDA:8,db
FNDA:8,readEnv
DA:1,1
DA:2,1
DA:3,1
DA:4,1
DA:5,1
DA:6,1
DA:7,1
DA:8,8
DA:9,8
DA:10,8
DA:11,8
DA:12,8
DA:13,8
DA:14,8
DA:15,8
DA:16,1
DA:17,1
DA:18,8
DA:19,0
DA:20,0
DA:21,8
DA:22,8
DA:23,8
DA:24,8
DA:25,8
DA:26,1
LF:26
LH:24
BRDA:5,0,0,8
BRDA:7,1,0,8
BRDA:17,2,0,8
BRDA:18,3,0,0
BRF:4
BRH:3
end_of_record
TN:
SF:src/shared/infra/db/in-memory/in-memory.repository.ts
FN:8,<instance_members_initializer>
FN:11,insert
FN:14,bulkInsert
FN:18,update
FN:26,delete
FN:34,findById
FN:39,findAll
FN:45,<instance_members_initializer>
FN:50,search
FN:64,applyPaginate
FN:70,applySort
FNF:11
FNH:10
FNDA:23,<instance_members_initializer>
FNDA:4,insert
FNDA:1,bulkInsert
FNDA:2,update
FNDA:3,delete
FNDA:0,findById
FNDA:1,findAll
FNDA:16,<instance_members_initializer>
FNDA:9,search
FNDA:13,applyPaginate
FNDA:16,applySort
DA:1,1
DA:2,1
DA:3,1
DA:4,1
DA:5,1
DA:6,1
DA:7,1
DA:8,1
DA:9,23
DA:10,23
DA:11,23
DA:12,4
DA:13,4
DA:14,23
DA:15,1
DA:16,1
DA:17,23
DA:18,23
DA:19,2
DA:20,2
DA:21,1
DA:22,1
DA:23,1
DA:24,1
DA:25,23
DA:26,23
DA:27,3
DA:28,3
DA:29,2
DA:30,2
DA:31,1
DA:32,1
DA:33,23
DA:34,23
DA:35,0
DA:36,0
DA:37,0
DA:38,23
DA:39,23
DA:40,1
DA:41,1
DA:42,23
DA:43,23
DA:44,1
DA:45,1
DA:46,16
DA:47,16
DA:48,16
DA:49,16
DA:50,16
DA:51,9
DA:52,9
DA:53,9
DA:54,9
DA:55,9
DA:56,9
DA:57,9
DA:58,9
DA:59,9
DA:60,9
DA:61,16
DA:62,16
DA:63,16
DA:64,16
DA:65,13
DA:66,13
DA:67,13
DA:68,13
DA:69,16
DA:70,16
DA:71,16
DA:72,5
DA:73,5
DA:74,11
DA:75,11
DA:76,51
DA:77,51
DA:78,51
DA:79,51
DA:80,51
DA:81,18
DA:82,18
DA:83,33
DA:84,33
DA:85,33
DA:86,33
DA:87,0
DA:88,0
DA:89,0
DA:90,11
DA:91,16
LF:91
LH:85
BRDA:8,0,0,23
BRDA:11,1,0,4
BRDA:14,2,0,1
BRDA:18,3,0,2
BRDA:20,4,0,1
BRDA:19,5,0,1
BRDA:26,6,0,3
BRDA:28,7,0,2
BRDA:30,8,0,1
BRDA:27,9,0,1
BRDA:39,10,0,1
BRDA:45,11,0,16
BRDA:50,12,0,9
BRDA:64,13,0,13
BRDA:70,14,0,16
BRDA:71,15,0,12
BRDA:71,16,0,5
BRDA:73,17,0,11
BRDA:75,18,0,51
BRDA:77,19,0,0
BRDA:79,20,0,0
BRDA:80,21,0,18
BRDA:81,22,0,11
BRDA:81,23,0,7
BRDA:82,24,0,33
BRDA:85,25,0,16
BRDA:85,26,0,17
BRDA:86,27,0,0
BRF:28
BRH:25
end_of_record
TN:
SF:src/shared/infra/testing/helpers.ts
FN:4,setupSequelize
FN:19,get sequelize
FNF:2
FNH:1
FNDA:8,setupSequelize
FNDA:0,get sequelize
DA:1,1
DA:2,1
DA:3,1
DA:4,1
DA:5,8
DA:6,8
DA:7,8
DA:8,8
DA:9,8
DA:10,8
DA:11,8
DA:12,8
DA:13,8
DA:14,8
DA:15,8
DA:16,8
DA:17,8
DA:18,8
DA:19,8
DA:20,0
DA:21,0
DA:22,8
DA:23,8
LF:23
LH:21
BRDA:4,0,0,8
BRDA:7,1,0,8
BRDA:14,2,0,28
BRDA:16,3,0,8
BRF:4
BRH:4
end_of_record
